<?xml version="1.0" encoding="UTF-8"?>
<!-- Generated by org.testng.reporters.JUnitXMLReporter -->
<testsuite ignored="0" hostname="DESKTOP-5FAAA9M" failures="5" tests="20" name="Test" time="67.246" errors="0" timestamp="2025-07-30T10:49:50 IST">
  <testcase classname="listners.Listenersss" name="mytest1" time="2.22">
    <skipped/>
  </testcase> <!-- mytest1 -->
  <testcase classname="listners.Listenersss" name="mytest1" time="1.41">
    <skipped/>
  </testcase> <!-- mytest1 -->
  <testcase classname="listners.Listenersss" name="mytest1" time="1.462">
    <skipped/>
  </testcase> <!-- mytest1 -->
  <testcase classname="listners.Listenersss" name="mytest1" time="1.487">
    <failure type="org.openqa.selenium.WebDriverException" message="unknown error: net::ERR_NAME_NOT_RESOLVED
  (Session info: chrome=138.0.7204.169)
Build info: version: &amp;apos;4.28.1&amp;apos;, revision: &amp;apos;73f5ad48a2&amp;apos;
System info: os.name: &amp;apos;Windows 11&amp;apos;, os.arch: &amp;apos;amd64&amp;apos;, os.version: &amp;apos;10.0&amp;apos;, java.version: &amp;apos;17.0.10&amp;apos;
Driver info: org.openqa.selenium.chrome.ChromeDriver
Command: [f72fe88ac9541b12491e2e8e9b4a5f53, get {url=https://www..com}]
Capabilities {acceptInsecureCerts: false, browserName: chrome, browserVersion: 138.0.7204.169, chrome: {chromedriverVersion: 138.0.7204.183 (e90faf484dd..., userDataDir: C:\Users\srujana\AppData\Lo...}, fedcm:accounts: true, goog:chromeOptions: {debuggerAddress: localhost:63659}, networkConnectionEnabled: false, pageLoadStrategy: normal, platformName: windows, proxy: Proxy(), se:cdp: ws://localhost:63659/devtoo..., se:cdpVersion: 138.0.7204.169, setWindowRect: true, strictFileInteractability: false, timeouts: {implicit: 0, pageLoad: 300000, script: 30000}, unhandledPromptBehavior: dismiss and notify, webauthn:extension:credBlob: true, webauthn:extension:largeBlob: true, webauthn:extension:minPinLength: true, webauthn:extension:prf: true, webauthn:virtualAuthenticators: true}
Session ID: f72fe88ac9541b12491e2e8e9b4a5f53">
      <![CDATA[org.openqa.selenium.WebDriverException: unknown error: net::ERR_NAME_NOT_RESOLVED
  (Session info: chrome=138.0.7204.169)
Build info: version: '4.28.1', revision: '73f5ad48a2'
System info: os.name: 'Windows 11', os.arch: 'amd64', os.version: '10.0', java.version: '17.0.10'
Driver info: org.openqa.selenium.chrome.ChromeDriver
Command: [f72fe88ac9541b12491e2e8e9b4a5f53, get {url=https://www..com}]
Capabilities {acceptInsecureCerts: false, browserName: chrome, browserVersion: 138.0.7204.169, chrome: {chromedriverVersion: 138.0.7204.183 (e90faf484dd..., userDataDir: C:\Users\srujana\AppData\Lo...}, fedcm:accounts: true, goog:chromeOptions: {debuggerAddress: localhost:63659}, networkConnectionEnabled: false, pageLoadStrategy: normal, platformName: windows, proxy: Proxy(), se:cdp: ws://localhost:63659/devtoo..., se:cdpVersion: 138.0.7204.169, setWindowRect: true, strictFileInteractability: false, timeouts: {implicit: 0, pageLoad: 300000, script: 30000}, unhandledPromptBehavior: dismiss and notify, webauthn:extension:credBlob: true, webauthn:extension:largeBlob: true, webauthn:extension:minPinLength: true, webauthn:extension:prf: true, webauthn:virtualAuthenticators: true}
Session ID: f72fe88ac9541b12491e2e8e9b4a5f53
at org.openqa.selenium.remote.ErrorCodec.decode(ErrorCodec.java:167)
at org.openqa.selenium.remote.codec.w3c.W3CHttpResponseCodec.decode(W3CHttpResponseCodec.java:138)
at org.openqa.selenium.remote.codec.w3c.W3CHttpResponseCodec.decode(W3CHttpResponseCodec.java:50)
at org.openqa.selenium.remote.HttpCommandExecutor.execute(HttpCommandExecutor.java:215)
at org.openqa.selenium.remote.service.DriverCommandExecutor.invokeExecute(DriverCommandExecutor.java:216)
at org.openqa.selenium.remote.service.DriverCommandExecutor.execute(DriverCommandExecutor.java:174)
at org.openqa.selenium.remote.RemoteWebDriver.execute(RemoteWebDriver.java:545)
at org.openqa.selenium.remote.RemoteWebDriver.get(RemoteWebDriver.java:313)
at listners.Listenersss.mytest1(Listenersss.java:18)
at java.base/java.util.ArrayList.forEach(ArrayList.java:1511)
... Removed 32 stack frames]]>
    </failure>
  </testcase> <!-- mytest1 -->
  <testcase classname="listners.Listenersss" name="mytest2" time="2.702">
    <skipped/>
  </testcase> <!-- mytest2 -->
  <testcase classname="listners.Listenersss" name="mytest2" time="2.584">
    <skipped/>
  </testcase> <!-- mytest2 -->
  <testcase classname="listners.Listenersss" name="mytest2" time="3.518">
    <skipped/>
  </testcase> <!-- mytest2 -->
  <testcase classname="listners.Listenersss" name="mytest2" time="6.476">
    <failure type="java.lang.AssertionError" message="expected [gle] but found [Google]">
      <![CDATA[java.lang.AssertionError: expected [gle] but found [Google]
at listners.Listenersss.mytest2(Listenersss.java:30)
at java.base/java.util.ArrayList.forEach(ArrayList.java:1511)
... Removed 33 stack frames]]>
    </failure>
  </testcase> <!-- mytest2 -->
  <testcase classname="listners.Listenersss" name="mytest3" time="0.001">
    <skipped/>
  </testcase> <!-- mytest3 -->
  <testcase classname="listners.Listenersss" name="mytest3" time="0.001">
    <skipped/>
  </testcase> <!-- mytest3 -->
  <testcase classname="listners.Listenersss" name="mytest3" time="0.002">
    <skipped/>
  </testcase> <!-- mytest3 -->
  <testcase classname="listners.Listenersss" name="mytest3" time="0.0">
    <failure type="java.lang.AssertionError" message="expected [sujji] but found [srujaba]">
      <![CDATA[java.lang.AssertionError: expected [sujji] but found [srujaba]
at listners.Listenersss.mytest3(Listenersss.java:36)
at java.base/java.util.ArrayList.forEach(ArrayList.java:1511)
... Removed 33 stack frames]]>
    </failure>
  </testcase> <!-- mytest3 -->
  <testcase classname="listners.MySecondClass" name="mytest1" time="6.875">
    <skipped/>
  </testcase> <!-- mytest1 -->
  <testcase classname="listners.MySecondClass" name="mytest1" time="4.729">
    <skipped/>
  </testcase> <!-- mytest1 -->
  <testcase classname="listners.MySecondClass" name="mytest1" time="4.775">
    <skipped/>
  </testcase> <!-- mytest1 -->
  <testcase classname="listners.MySecondClass" name="mytest1" time="7.646">
    <failure type="java.lang.AssertionError" message="expected [fvb] but found [Facebook – log in or sign up]">
      <![CDATA[java.lang.AssertionError: expected [fvb] but found [Facebook – log in or sign up]
at listners.MySecondClass.mytest1(MySecondClass.java:20)
at java.base/java.util.ArrayList.forEach(ArrayList.java:1511)
... Removed 33 stack frames]]>
    </failure>
  </testcase> <!-- mytest1 -->
  <testcase classname="listners.MySecondClass" name="mytest2" time="5.75">
    <skipped/>
  </testcase> <!-- mytest2 -->
  <testcase classname="listners.MySecondClass" name="mytest2" time="5.184">
    <skipped/>
  </testcase> <!-- mytest2 -->
  <testcase classname="listners.MySecondClass" name="mytest2" time="5.81">
    <skipped/>
  </testcase> <!-- mytest2 -->
  <testcase classname="listners.MySecondClass" name="mytest2" time="3.874">
    <failure type="org.openqa.selenium.WebDriverException" message="unknown error: net::ERR_NAME_NOT_RESOLVED
  (Session info: chrome=138.0.7204.169)
Build info: version: &amp;apos;4.28.1&amp;apos;, revision: &amp;apos;73f5ad48a2&amp;apos;
System info: os.name: &amp;apos;Windows 11&amp;apos;, os.arch: &amp;apos;amd64&amp;apos;, os.version: &amp;apos;10.0&amp;apos;, java.version: &amp;apos;17.0.10&amp;apos;
Driver info: org.openqa.selenium.chrome.ChromeDriver
Command: [d141b42f65f4a30402dd36bdb71301bc, get {url=https://www.practiceexpn.com}]
Capabilities {acceptInsecureCerts: false, browserName: chrome, browserVersion: 138.0.7204.169, chrome: {chromedriverVersion: 138.0.7204.183 (e90faf484dd..., userDataDir: C:\Users\srujana\AppData\Lo...}, fedcm:accounts: true, goog:chromeOptions: {debuggerAddress: localhost:53571}, networkConnectionEnabled: false, pageLoadStrategy: normal, platformName: windows, proxy: Proxy(), se:cdp: ws://localhost:53571/devtoo..., se:cdpVersion: 138.0.7204.169, setWindowRect: true, strictFileInteractability: false, timeouts: {implicit: 0, pageLoad: 300000, script: 30000}, unhandledPromptBehavior: dismiss and notify, webauthn:extension:credBlob: true, webauthn:extension:largeBlob: true, webauthn:extension:minPinLength: true, webauthn:extension:prf: true, webauthn:virtualAuthenticators: true}
Session ID: d141b42f65f4a30402dd36bdb71301bc">
      <![CDATA[org.openqa.selenium.WebDriverException: unknown error: net::ERR_NAME_NOT_RESOLVED
  (Session info: chrome=138.0.7204.169)
Build info: version: '4.28.1', revision: '73f5ad48a2'
System info: os.name: 'Windows 11', os.arch: 'amd64', os.version: '10.0', java.version: '17.0.10'
Driver info: org.openqa.selenium.chrome.ChromeDriver
Command: [d141b42f65f4a30402dd36bdb71301bc, get {url=https://www.practiceexpn.com}]
Capabilities {acceptInsecureCerts: false, browserName: chrome, browserVersion: 138.0.7204.169, chrome: {chromedriverVersion: 138.0.7204.183 (e90faf484dd..., userDataDir: C:\Users\srujana\AppData\Lo...}, fedcm:accounts: true, goog:chromeOptions: {debuggerAddress: localhost:53571}, networkConnectionEnabled: false, pageLoadStrategy: normal, platformName: windows, proxy: Proxy(), se:cdp: ws://localhost:53571/devtoo..., se:cdpVersion: 138.0.7204.169, setWindowRect: true, strictFileInteractability: false, timeouts: {implicit: 0, pageLoad: 300000, script: 30000}, unhandledPromptBehavior: dismiss and notify, webauthn:extension:credBlob: true, webauthn:extension:largeBlob: true, webauthn:extension:minPinLength: true, webauthn:extension:prf: true, webauthn:virtualAuthenticators: true}
Session ID: d141b42f65f4a30402dd36bdb71301bc
at org.openqa.selenium.remote.ErrorCodec.decode(ErrorCodec.java:167)
at org.openqa.selenium.remote.codec.w3c.W3CHttpResponseCodec.decode(W3CHttpResponseCodec.java:138)
at org.openqa.selenium.remote.codec.w3c.W3CHttpResponseCodec.decode(W3CHttpResponseCodec.java:50)
at org.openqa.selenium.remote.HttpCommandExecutor.execute(HttpCommandExecutor.java:215)
at org.openqa.selenium.remote.service.DriverCommandExecutor.invokeExecute(DriverCommandExecutor.java:216)
at org.openqa.selenium.remote.service.DriverCommandExecutor.execute(DriverCommandExecutor.java:174)
at org.openqa.selenium.remote.RemoteWebDriver.execute(RemoteWebDriver.java:545)
at org.openqa.selenium.remote.RemoteWebDriver.get(RemoteWebDriver.java:313)
at listners.MySecondClass.mytest2(MySecondClass.java:28)
at java.base/java.util.ArrayList.forEach(ArrayList.java:1511)
... Removed 32 stack frames]]>
    </failure>
  </testcase> <!-- mytest2 -->
</testsuite> <!-- Test -->
